 (0,0): [03-02-2019 06:06:04.032 PM] Unity incremental compiler server
 (0,0): [03-02-2019 06:06:04.202 PM] watchdog active on pid: 19980
 (0,0): [03-02-2019 06:10:31.014 PM] Assembly-CSharp.dll: no prior compilation found in cache. Caller PID: 19980
 (0,0): [03-02-2019 06:10:31.031 PM] Assembly-CSharp.dll compiling...
 (0,0): [03-02-2019 06:10:33.131 PM] Assembly-CSharp.dll: emitting IL to : C:\Users\dylan\Projects\Unity-ECS-Test\ECS Test\Temp\Assembly-CSharp.dll
 (0,0): [03-02-2019 06:10:33.207 PM] Assembly-CSharp.dll compilation finished in 2175ms  source files re-parsed: 1 metadata reloaded: 201
 (0,0): [03-02-2019 06:10:33.219 PM] Assembly-CSharp.dll: session status updated to IncrementalCompilationStatus.Finished for Caller PID: 19980
 (0,0): [03-02-2019 06:11:06.981 PM] Compiler cache size is now 13.79 MB
 (0,0): [03-02-2019 06:13:01.825 PM] Assembly-CSharp.dll compiling...
 (0,0): [03-02-2019 06:13:02.195 PM] Assembly-CSharp.dll: emitting IL to : C:\Users\dylan\Projects\Unity-ECS-Test\ECS Test\Temp\Assembly-CSharp.dll
 (0,0): [03-02-2019 06:13:02.234 PM] Assembly-CSharp.dll compilation finished in 408ms  source files re-parsed: 1 metadata reloaded: 0
 (0,0): [03-02-2019 06:13:02.246 PM] Assembly-CSharp.dll: compilation was cached, 1 file(s) were found to have changed. Caller PID: 19980
 (0,0): [03-02-2019 06:13:02.258 PM] Assembly-CSharp.dll: session status updated to IncrementalCompilationStatus.Finished for Caller PID: 19980
 (0,0): [03-02-2019 06:18:18.208 PM] Assembly-CSharp.dll compiling...
 (0,0): [03-02-2019 06:18:18.514 PM] Assembly-CSharp.dll: emitting IL to : C:\Users\dylan\Projects\Unity-ECS-Test\ECS Test\Temp\Assembly-CSharp.dll
 (0,0): [03-02-2019 06:18:18.550 PM] Assembly-CSharp.dll compilation finished in 342ms  source files re-parsed: 1 metadata reloaded: 0
 (0,0): [03-02-2019 06:18:18.562 PM] Assembly-CSharp.dll: compilation was cached, 1 file(s) were found to have changed. Caller PID: 19980
 (0,0): [03-02-2019 06:18:18.573 PM] Assembly-CSharp.dll: session status updated to IncrementalCompilationStatus.Finished for Caller PID: 19980
 (0,0): [03-02-2019 06:28:27.475 PM] Assembly-CSharp.dll: no prior compilation found in cache. Caller PID: 19980
 (0,0): [03-02-2019 06:28:27.488 PM] Assembly-CSharp.dll compiling...
 (0,0): [03-02-2019 06:28:27.528 PM] Assembly-CSharp.dll: emitting IL to : C:\Users\dylan\Projects\Unity-ECS-Test\ECS Test\Temp\Assembly-CSharp.dll
 (0,0): [03-02-2019 06:28:27.573 PM] Assembly-CSharp.dll compilation finished in 85ms  source files re-parsed: 1 metadata reloaded: 0
 (0,0): [03-02-2019 06:28:27.585 PM] Assembly-CSharp.dll: session status updated to IncrementalCompilationStatus.Finished for Caller PID: 19980
 (0,0): [03-02-2019 06:28:54.110 PM] Assembly-CSharp.dll: no prior compilation found in cache. Caller PID: 19980
 (0,0): [03-02-2019 06:28:54.122 PM] Assembly-CSharp.dll compiling...
 (0,0): [03-02-2019 06:28:54.175 PM] Assembly-CSharp.dll: emitting IL to : C:\Users\dylan\Projects\Unity-ECS-Test\ECS Test\Temp\Assembly-CSharp.dll
 (0,0): [03-02-2019 06:28:54.215 PM] Assembly-CSharp.dll compilation finished in 93ms  source files re-parsed: 2 metadata reloaded: 0
 (0,0): [03-02-2019 06:28:54.227 PM] Assembly-CSharp.dll: session status updated to IncrementalCompilationStatus.Finished for Caller PID: 19980
 (0,0): [03-02-2019 06:29:59.052 PM] Assembly-CSharp.dll compiling...
 (0,0): [03-02-2019 06:29:59.087 PM] Assembly-CSharp.dll: emitting IL to : C:\Users\dylan\Projects\Unity-ECS-Test\ECS Test\Temp\Assembly-CSharp.dll
 (0,0): [03-02-2019 06:29:59.120 PM] Assembly-CSharp.dll compilation finished in 68ms  source files re-parsed: 2 metadata reloaded: 0
 (0,0): [03-02-2019 06:29:59.132 PM] Assembly-CSharp.dll: compilation was cached, 2 file(s) were found to have changed. Caller PID: 19980
 (0,0): [03-02-2019 06:29:59.144 PM] Assembly-CSharp.dll: session status updated to IncrementalCompilationStatus.Finished for Caller PID: 19980
 (0,0): [03-02-2019 06:31:49.348 PM] Assembly-CSharp.dll: no prior compilation found in cache. Caller PID: 19980
 (0,0): [03-02-2019 06:31:49.361 PM] Assembly-CSharp.dll compiling...
 (0,0): [03-02-2019 06:31:49.394 PM] Assembly-CSharp.dll: emitting IL to : C:\Users\dylan\Projects\Unity-ECS-Test\ECS Test\Temp\Assembly-CSharp.dll
 (0,0): [03-02-2019 06:31:49.430 PM] Assembly-CSharp.dll compilation finished in 69ms  source files re-parsed: 2 metadata reloaded: 0
 (0,0): [03-02-2019 06:31:49.442 PM] Assembly-CSharp.dll: session status updated to IncrementalCompilationStatus.Finished for Caller PID: 19980
 (0,0): [03-02-2019 06:38:11.281 PM] Assembly-CSharp.dll: no prior compilation found in cache. Caller PID: 19980
 (0,0): [03-02-2019 06:38:11.295 PM] Assembly-CSharp.dll compiling...
 (0,0): [03-02-2019 06:38:11.338 PM] Assembly-CSharp.dll: emitting IL to : C:\Users\dylan\Projects\Unity-ECS-Test\ECS Test\Temp\Assembly-CSharp.dll
 (0,0): [03-02-2019 06:38:11.373 PM] Assembly-CSharp.dll compilation finished in 79ms  source files re-parsed: 3 metadata reloaded: 0
 (0,0): [03-02-2019 06:38:11.385 PM] Assembly-CSharp.dll: session status updated to IncrementalCompilationStatus.Finished for Caller PID: 19980
 (0,0): [03-02-2019 06:40:42.973 PM] Assembly-CSharp.dll compiling...
 (0,0): [03-02-2019 06:40:43.077 PM] Assembly-CSharp.dll: emitting IL to : C:\Users\dylan\Projects\Unity-ECS-Test\ECS Test\Temp\Assembly-CSharp.dll
 (0,0): [03-02-2019 06:40:43.095 PM] Assembly-CSharp.dll compilation finished in 122ms  source files re-parsed: 1 metadata reloaded: 0
 (0,0): [03-02-2019 06:40:43.107 PM] Assembly-CSharp.dll: compilation was cached, 1 file(s) were found to have changed. Caller PID: 19980
 (0,0): [03-02-2019 06:40:43.120 PM] Assembly-CSharp.dll: session status updated to IncrementalCompilationStatus.Finished for Caller PID: 19980
 (0,0): [03-02-2019 06:41:06.603 PM] Assembly-CSharp.dll: no prior compilation found in cache. Caller PID: 19980
 (0,0): [03-02-2019 06:41:06.615 PM] Assembly-CSharp.dll compiling...
 (0,0): [03-02-2019 06:41:06.650 PM] Assembly-CSharp.dll: emitting IL to : C:\Users\dylan\Projects\Unity-ECS-Test\ECS Test\Temp\Assembly-CSharp.dll
 (0,0): [03-02-2019 06:41:06.671 PM] Assembly-CSharp.dll compilation finished in 56ms  source files re-parsed: 4 metadata reloaded: 0
 (0,0): [03-02-2019 06:41:06.683 PM] Assembly-CSharp.dll: session status updated to IncrementalCompilationStatus.Finished for Caller PID: 19980
 (0,0): [03-02-2019 06:51:43.285 PM] Assembly-CSharp.dll compiling...
 (0,0): [03-02-2019 06:51:43.561 PM] Assembly-CSharp.dll: emitting IL to : C:\Users\dylan\Projects\Unity-ECS-Test\ECS Test\Temp\Assembly-CSharp.dll
 (0,0): [03-02-2019 06:51:43.599 PM] Assembly-CSharp.dll compilation finished in 314ms  source files re-parsed: 1 metadata reloaded: 0
 (0,0): [03-02-2019 06:51:43.611 PM] Assembly-CSharp.dll: compilation was cached, 1 file(s) were found to have changed. Caller PID: 19980
 (0,0): [03-02-2019 06:51:43.623 PM] Assembly-CSharp.dll: session status updated to IncrementalCompilationStatus.Finished for Caller PID: 19980
 (0,0): [03-02-2019 06:56:14.855 PM] Assembly-CSharp.dll compiling...
 (0,0): [03-02-2019 06:56:14.893 PM] Assembly-CSharp.dll: emitting IL to : C:\Users\dylan\Projects\Unity-ECS-Test\ECS Test\Temp\Assembly-CSharp.dll
 (0,0): [03-02-2019 06:56:14.927 PM] Assembly-CSharp.dll compilation finished in 71ms  source files re-parsed: 1 metadata reloaded: 0
 (0,0): [03-02-2019 06:56:14.939 PM] Assembly-CSharp.dll: compilation was cached, 1 file(s) were found to have changed. Caller PID: 19980
 (0,0): [03-02-2019 06:56:14.951 PM] Assembly-CSharp.dll: session status updated to IncrementalCompilationStatus.Finished for Caller PID: 19980
 (0,0): [03-02-2019 06:59:09.706 PM] Assembly-CSharp.dll compiling...
 (0,0): [03-02-2019 06:59:09.750 PM] Assembly-CSharp.dll: emitting IL to : C:\Users\dylan\Projects\Unity-ECS-Test\ECS Test\Temp\Assembly-CSharp.dll
 (0,0): [03-02-2019 06:59:09.787 PM] Assembly-CSharp.dll compilation finished in 81ms  source files re-parsed: 1 metadata reloaded: 0
 (0,0): [03-02-2019 06:59:09.799 PM] Assembly-CSharp.dll: compilation was cached, 1 file(s) were found to have changed. Caller PID: 19980
 (0,0): [03-02-2019 06:59:09.811 PM] Assembly-CSharp.dll: session status updated to IncrementalCompilationStatus.Finished for Caller PID: 19980
 (0,0): [03-02-2019 06:59:48.769 PM] Assembly-CSharp.dll compiling...
 (0,0): [03-02-2019 06:59:48.806 PM] Assembly-CSharp.dll: emitting IL to : C:\Users\dylan\Projects\Unity-ECS-Test\ECS Test\Temp\Assembly-CSharp.dll
 (0,0): [03-02-2019 06:59:48.841 PM] Assembly-CSharp.dll compilation finished in 72ms  source files re-parsed: 1 metadata reloaded: 0
 (0,0): [03-02-2019 06:59:48.854 PM] Assembly-CSharp.dll: compilation was cached, 1 file(s) were found to have changed. Caller PID: 19980
 (0,0): [03-02-2019 06:59:48.866 PM] Assembly-CSharp.dll: session status updated to IncrementalCompilationStatus.Finished for Caller PID: 19980
 (0,0): [03-02-2019 07:14:05.865 PM] Assembly-CSharp.dll compiling...
 (0,0): [03-02-2019 07:14:05.905 PM] Assembly-CSharp.dll: emitting IL to : C:\Users\dylan\Projects\Unity-ECS-Test\ECS Test\Temp\Assembly-CSharp.dll
 (0,0): [03-02-2019 07:14:05.943 PM] Assembly-CSharp.dll compilation finished in 77ms  source files re-parsed: 1 metadata reloaded: 0
 (0,0): [03-02-2019 07:14:05.955 PM] Assembly-CSharp.dll: compilation was cached, 1 file(s) were found to have changed. Caller PID: 19980
 (0,0): [03-02-2019 07:14:05.967 PM] Assembly-CSharp.dll: session status updated to IncrementalCompilationStatus.Finished for Caller PID: 19980
 (0,0): [03-02-2019 07:16:15.916 PM] Assembly-CSharp.dll compiling...
 (0,0): [03-02-2019 07:16:15.954 PM] Assembly-CSharp.dll: emitting IL to : C:\Users\dylan\Projects\Unity-ECS-Test\ECS Test\Temp\Assembly-CSharp.dll
 (0,0): [03-02-2019 07:16:15.992 PM] Assembly-CSharp.dll compilation finished in 75ms  source files re-parsed: 1 metadata reloaded: 0
 (0,0): [03-02-2019 07:16:16.004 PM] Assembly-CSharp.dll: compilation was cached, 1 file(s) were found to have changed. Caller PID: 19980
 (0,0): [03-02-2019 07:16:16.016 PM] Assembly-CSharp.dll: session status updated to IncrementalCompilationStatus.Finished for Caller PID: 19980
 (0,0): [03-02-2019 07:16:48.500 PM] Assembly-CSharp.dll: no prior compilation found in cache. Caller PID: 19980
 (0,0): [03-02-2019 07:16:48.513 PM] Assembly-CSharp.dll compiling...
 (0,0): [03-02-2019 07:16:48.553 PM] Assembly-CSharp.dll: emitting IL to : C:\Users\dylan\Projects\Unity-ECS-Test\ECS Test\Temp\Assembly-CSharp.dll
 (0,0): [03-02-2019 07:16:48.594 PM] Assembly-CSharp.dll compilation finished in 81ms  source files re-parsed: 5 metadata reloaded: 0
 (0,0): [03-02-2019 07:16:48.606 PM] Assembly-CSharp.dll: session status updated to IncrementalCompilationStatus.Finished for Caller PID: 19980
 (0,0): [03-02-2019 07:20:02.498 PM] Assembly-CSharp.dll compiling...
 (0,0): [03-02-2019 07:20:02.540 PM] Assembly-CSharp.dll: emitting IL to : C:\Users\dylan\Projects\Unity-ECS-Test\ECS Test\Temp\Assembly-CSharp.dll
 (0,0): [03-02-2019 07:20:02.558 PM] Assembly-CSharp.dll compilation finished in 60ms  source files re-parsed: 2 metadata reloaded: 0
 (0,0): [03-02-2019 07:20:02.571 PM] Assembly-CSharp.dll: compilation was cached, 2 file(s) were found to have changed. Caller PID: 19980
 (0,0): [03-02-2019 07:20:02.583 PM] Assembly-CSharp.dll: session status updated to IncrementalCompilationStatus.Finished for Caller PID: 19980
 (0,0): [03-02-2019 07:21:11.609 PM] Assembly-CSharp.dll compiling...
 (0,0): [03-02-2019 07:21:11.646 PM] Assembly-CSharp.dll: emitting IL to : C:\Users\dylan\Projects\Unity-ECS-Test\ECS Test\Temp\Assembly-CSharp.dll
 (0,0): [03-02-2019 07:21:11.684 PM] Assembly-CSharp.dll compilation finished in 75ms  source files re-parsed: 1 metadata reloaded: 0
 (0,0): [03-02-2019 07:21:11.696 PM] Assembly-CSharp.dll: compilation was cached, 1 file(s) were found to have changed. Caller PID: 19980
 (0,0): [03-02-2019 07:21:11.708 PM] Assembly-CSharp.dll: session status updated to IncrementalCompilationStatus.Finished for Caller PID: 19980
 (0,0): [03-02-2019 07:22:45.471 PM] Assembly-CSharp.dll compiling...
 (0,0): [03-02-2019 07:22:45.510 PM] Assembly-CSharp.dll: emitting IL to : C:\Users\dylan\Projects\Unity-ECS-Test\ECS Test\Temp\Assembly-CSharp.dll
 (0,0): [03-02-2019 07:22:45.547 PM] Assembly-CSharp.dll compilation finished in 75ms  source files re-parsed: 1 metadata reloaded: 0
 (0,0): [03-02-2019 07:22:45.559 PM] Assembly-CSharp.dll: compilation was cached, 1 file(s) were found to have changed. Caller PID: 19980
 (0,0): [03-02-2019 07:22:45.571 PM] Assembly-CSharp.dll: session status updated to IncrementalCompilationStatus.Finished for Caller PID: 19980
 (0,0): [03-02-2019 07:31:28.186 PM] Assembly-CSharp.dll compiling...
 (0,0): [03-02-2019 07:31:28.228 PM] Assembly-CSharp.dll: emitting IL to : C:\Users\dylan\Projects\Unity-ECS-Test\ECS Test\Temp\Assembly-CSharp.dll
 (0,0): [03-02-2019 07:31:28.264 PM] Assembly-CSharp.dll compilation finished in 78ms  source files re-parsed: 1 metadata reloaded: 0
 (0,0): [03-02-2019 07:31:28.276 PM] Assembly-CSharp.dll: compilation was cached, 1 file(s) were found to have changed. Caller PID: 19980
 (0,0): [03-02-2019 07:31:28.288 PM] Assembly-CSharp.dll: session status updated to IncrementalCompilationStatus.Finished for Caller PID: 19980
 (0,0): [03-02-2019 07:32:40.785 PM] Assembly-CSharp.dll compiling...
 (0,0): [03-02-2019 07:32:40.842 PM] Assembly-CSharp.dll: emitting IL to : C:\Users\dylan\Projects\Unity-ECS-Test\ECS Test\Temp\Assembly-CSharp.dll
 (0,0): [03-02-2019 07:32:40.881 PM] Assembly-CSharp.dll compilation finished in 95ms  source files re-parsed: 1 metadata reloaded: 0
 (0,0): [03-02-2019 07:32:40.893 PM] Assembly-CSharp.dll: compilation was cached, 1 file(s) were found to have changed. Caller PID: 19980
 (0,0): [03-02-2019 07:32:40.905 PM] Assembly-CSharp.dll: session status updated to IncrementalCompilationStatus.Finished for Caller PID: 19980
 (0,0): [03-02-2019 07:34:31.512 PM] Assembly-CSharp.dll compiling...
 (0,0): [03-02-2019 07:34:31.552 PM] Assembly-CSharp.dll: emitting IL to : C:\Users\dylan\Projects\Unity-ECS-Test\ECS Test\Temp\Assembly-CSharp.dll
 (0,0): [03-02-2019 07:34:31.587 PM] Assembly-CSharp.dll compilation finished in 75ms  source files re-parsed: 1 metadata reloaded: 0
 (0,0): [03-02-2019 07:34:31.599 PM] Assembly-CSharp.dll: compilation was cached, 1 file(s) were found to have changed. Caller PID: 19980
 (0,0): [03-02-2019 07:34:31.611 PM] Assembly-CSharp.dll: session status updated to IncrementalCompilationStatus.Finished for Caller PID: 19980
 (0,0): [03-02-2019 07:38:59.889 PM] Assembly-CSharp.dll compiling...
 (0,0): [03-02-2019 07:38:59.923 PM] Assembly-CSharp.dll: emitting IL to : C:\Users\dylan\Projects\Unity-ECS-Test\ECS Test\Temp\Assembly-CSharp.dll
 (0,0): [03-02-2019 07:38:59.958 PM] Assembly-CSharp.dll compilation finished in 69ms  source files re-parsed: 1 metadata reloaded: 0
 (0,0): [03-02-2019 07:38:59.970 PM] Assembly-CSharp.dll: compilation was cached, 1 file(s) were found to have changed. Caller PID: 19980
 (0,0): [03-02-2019 07:38:59.982 PM] Assembly-CSharp.dll: session status updated to IncrementalCompilationStatus.Finished for Caller PID: 19980
 (0,0): [03-02-2019 07:41:20.655 PM] Assembly-CSharp.dll compiling...
 (0,0): [03-02-2019 07:41:20.690 PM] Assembly-CSharp.dll: emitting IL to : C:\Users\dylan\Projects\Unity-ECS-Test\ECS Test\Temp\Assembly-CSharp.dll
 (0,0): [03-02-2019 07:41:20.724 PM] Assembly-CSharp.dll compilation finished in 69ms  source files re-parsed: 1 metadata reloaded: 0
 (0,0): [03-02-2019 07:41:20.736 PM] Assembly-CSharp.dll: compilation was cached, 1 file(s) were found to have changed. Caller PID: 19980
 (0,0): [03-02-2019 07:41:20.748 PM] Assembly-CSharp.dll: session status updated to IncrementalCompilationStatus.Finished for Caller PID: 19980
 (0,0): [03-02-2019 07:42:07.986 PM] Assembly-CSharp.dll compiling...
 (0,0): [03-02-2019 07:42:08.020 PM] Assembly-CSharp.dll: emitting IL to : C:\Users\dylan\Projects\Unity-ECS-Test\ECS Test\Temp\Assembly-CSharp.dll
 (0,0): [03-02-2019 07:42:08.054 PM] Assembly-CSharp.dll compilation finished in 68ms  source files re-parsed: 1 metadata reloaded: 0
 (0,0): [03-02-2019 07:42:08.066 PM] Assembly-CSharp.dll: compilation was cached, 1 file(s) were found to have changed. Caller PID: 19980
 (0,0): [03-02-2019 07:42:08.078 PM] Assembly-CSharp.dll: session status updated to IncrementalCompilationStatus.Finished for Caller PID: 19980
 (0,0): [03-02-2019 07:42:51.566 PM] Assembly-CSharp.dll compiling...
 (0,0): [03-02-2019 07:42:51.605 PM] Assembly-CSharp.dll: emitting IL to : C:\Users\dylan\Projects\Unity-ECS-Test\ECS Test\Temp\Assembly-CSharp.dll
 (0,0): [03-02-2019 07:42:51.640 PM] Assembly-CSharp.dll compilation finished in 73ms  source files re-parsed: 1 metadata reloaded: 0
 (0,0): [03-02-2019 07:42:51.652 PM] Assembly-CSharp.dll: compilation was cached, 1 file(s) were found to have changed. Caller PID: 19980
 (0,0): [03-02-2019 07:42:51.664 PM] Assembly-CSharp.dll: session status updated to IncrementalCompilationStatus.Finished for Caller PID: 19980
 (0,0): [03-02-2019 07:43:17.184 PM] Assembly-CSharp.dll compiling...
 (0,0): [03-02-2019 07:43:17.219 PM] Assembly-CSharp.dll: emitting IL to : C:\Users\dylan\Projects\Unity-ECS-Test\ECS Test\Temp\Assembly-CSharp.dll
 (0,0): [03-02-2019 07:43:17.257 PM] Assembly-CSharp.dll compilation finished in 72ms  source files re-parsed: 1 metadata reloaded: 0
 (0,0): [03-02-2019 07:43:17.269 PM] Assembly-CSharp.dll: compilation was cached, 1 file(s) were found to have changed. Caller PID: 19980
 (0,0): [03-02-2019 07:43:17.281 PM] Assembly-CSharp.dll: session status updated to IncrementalCompilationStatus.Finished for Caller PID: 19980
 (0,0): [03-02-2019 07:46:35.147 PM] Assembly-CSharp.dll compiling...
 (0,0): [03-02-2019 07:46:35.189 PM] Assembly-CSharp.dll: emitting IL to : C:\Users\dylan\Projects\Unity-ECS-Test\ECS Test\Temp\Assembly-CSharp.dll
 (0,0): [03-02-2019 07:46:35.227 PM] Assembly-CSharp.dll compilation finished in 80ms  source files re-parsed: 1 metadata reloaded: 0
 (0,0): [03-02-2019 07:46:35.239 PM] Assembly-CSharp.dll: compilation was cached, 1 file(s) were found to have changed. Caller PID: 19980
 (0,0): [03-02-2019 07:46:35.251 PM] Assembly-CSharp.dll: session status updated to IncrementalCompilationStatus.Finished for Caller PID: 19980
 (0,0): [03-02-2019 07:46:59.410 PM] Assembly-CSharp.dll compiling...
 (0,0): [03-02-2019 07:46:59.445 PM] Assembly-CSharp.dll: emitting IL to : C:\Users\dylan\Projects\Unity-ECS-Test\ECS Test\Temp\Assembly-CSharp.dll
 (0,0): [03-02-2019 07:46:59.480 PM] Assembly-CSharp.dll compilation finished in 70ms  source files re-parsed: 1 metadata reloaded: 0
 (0,0): [03-02-2019 07:46:59.492 PM] Assembly-CSharp.dll: compilation was cached, 1 file(s) were found to have changed. Caller PID: 19980
 (0,0): [03-02-2019 07:46:59.504 PM] Assembly-CSharp.dll: session status updated to IncrementalCompilationStatus.Finished for Caller PID: 19980
 (0,0): [03-02-2019 07:47:56.508 PM] Assembly-CSharp.dll compiling...
 (0,0): [03-02-2019 07:47:56.543 PM] Assembly-CSharp.dll: emitting IL to : C:\Users\dylan\Projects\Unity-ECS-Test\ECS Test\Temp\Assembly-CSharp.dll
 (0,0): [03-02-2019 07:47:56.578 PM] Assembly-CSharp.dll compilation finished in 69ms  source files re-parsed: 1 metadata reloaded: 0
 (0,0): [03-02-2019 07:47:56.590 PM] Assembly-CSharp.dll: compilation was cached, 1 file(s) were found to have changed. Caller PID: 19980
 (0,0): [03-02-2019 07:47:56.602 PM] Assembly-CSharp.dll: session status updated to IncrementalCompilationStatus.Finished for Caller PID: 19980
 (0,0): [03-02-2019 07:48:31.096 PM] Assembly-CSharp.dll compiling...
 (0,0): [03-02-2019 07:48:31.130 PM] Assembly-CSharp.dll: emitting IL to : C:\Users\dylan\Projects\Unity-ECS-Test\ECS Test\Temp\Assembly-CSharp.dll
 (0,0): [03-02-2019 07:48:31.169 PM] Assembly-CSharp.dll compilation finished in 72ms  source files re-parsed: 1 metadata reloaded: 0
 (0,0): [03-02-2019 07:48:31.181 PM] Assembly-CSharp.dll: compilation was cached, 1 file(s) were found to have changed. Caller PID: 19980
 (0,0): [03-02-2019 07:48:31.193 PM] Assembly-CSharp.dll: session status updated to IncrementalCompilationStatus.Finished for Caller PID: 19980
 (0,0): [03-02-2019 07:49:15.776 PM] Assembly-CSharp.dll compiling...
 (0,0): [03-02-2019 07:49:15.818 PM] Assembly-CSharp.dll: emitting IL to : C:\Users\dylan\Projects\Unity-ECS-Test\ECS Test\Temp\Assembly-CSharp.dll
 (0,0): [03-02-2019 07:49:15.852 PM] Assembly-CSharp.dll compilation finished in 76ms  source files re-parsed: 1 metadata reloaded: 0
 (0,0): [03-02-2019 07:49:15.864 PM] Assembly-CSharp.dll: compilation was cached, 1 file(s) were found to have changed. Caller PID: 19980
 (0,0): [03-02-2019 07:49:15.876 PM] Assembly-CSharp.dll: session status updated to IncrementalCompilationStatus.Finished for Caller PID: 19980
 (0,0): [03-02-2019 07:52:12.518 PM] Assembly-CSharp.dll compiling...
 (0,0): [03-02-2019 07:52:12.555 PM] Assembly-CSharp.dll: emitting IL to : C:\Users\dylan\Projects\Unity-ECS-Test\ECS Test\Temp\Assembly-CSharp.dll
 (0,0): [03-02-2019 07:52:12.593 PM] Assembly-CSharp.dll compilation finished in 75ms  source files re-parsed: 1 metadata reloaded: 0
 (0,0): [03-02-2019 07:52:12.605 PM] Assembly-CSharp.dll: compilation was cached, 1 file(s) were found to have changed. Caller PID: 19980
 (0,0): [03-02-2019 07:52:12.617 PM] Assembly-CSharp.dll: session status updated to IncrementalCompilationStatus.Finished for Caller PID: 19980
 (0,0): [03-02-2019 07:53:07.008 PM] Assembly-CSharp.dll compiling...
 (0,0): [03-02-2019 07:53:07.046 PM] Assembly-CSharp.dll: emitting IL to : C:\Users\dylan\Projects\Unity-ECS-Test\ECS Test\Temp\Assembly-CSharp.dll
 (0,0): [03-02-2019 07:53:07.087 PM] Assembly-CSharp.dll compilation finished in 79ms  source files re-parsed: 1 metadata reloaded: 0
 (0,0): [03-02-2019 07:53:07.099 PM] Assembly-CSharp.dll: compilation was cached, 1 file(s) were found to have changed. Caller PID: 19980
 (0,0): [03-02-2019 07:53:07.111 PM] Assembly-CSharp.dll: session status updated to IncrementalCompilationStatus.Finished for Caller PID: 19980
 (0,0): [03-02-2019 07:54:40.446 PM] Assembly-CSharp.dll compiling...
 (0,0): [03-02-2019 07:54:40.483 PM] Assembly-CSharp.dll: emitting IL to : C:\Users\dylan\Projects\Unity-ECS-Test\ECS Test\Temp\Assembly-CSharp.dll
 (0,0): [03-02-2019 07:54:40.520 PM] Assembly-CSharp.dll compilation finished in 73ms  source files re-parsed: 1 metadata reloaded: 0
 (0,0): [03-02-2019 07:54:40.531 PM] Assembly-CSharp.dll: compilation was cached, 1 file(s) were found to have changed. Caller PID: 19980
 (0,0): [03-02-2019 07:54:40.543 PM] Assembly-CSharp.dll: session status updated to IncrementalCompilationStatus.Finished for Caller PID: 19980
